<?xml version="1.0" encoding="UTF-8"?>
<testsuites>
  <testsuite name="fastlane.lanes">
    
    
    
      
      <testcase classname="fastlane.lanes" name="0: default_platform" time="0.000455">
        
      </testcase>
    
      
      <testcase classname="fastlane.lanes" name="1: Switch to android increase_version lane" time="0.000333">
        
      </testcase>
    
      
      <testcase classname="fastlane.lanes" name="2: flutter build appbundle --flavor production -t lib/env/production.dart" time="6.5853">
        
          <failure message="/usr/local/Cellar/fastlane/2.175.0/libexec/gems/fastlane-2.175.0/fastlane/lib/fastlane/actions/actions_helper.rb:67:in `execute_action'&#10;/usr/local/Cellar/fastlane/2.175.0/libexec/gems/fastlane-2.175.0/fastlane/lib/fastlane/fast_file.rb:218:in `sh'&#10;/usr/local/Cellar/fastlane/2.175.0/libexec/gems/fastlane-2.175.0/fastlane/lib/fastlane/fast_file.rb:212:in `sh'&#10;Fastfile:80:in `block (2 levels) in parsing_binding'&#10;/usr/local/Cellar/fastlane/2.175.0/libexec/gems/fastlane-2.175.0/fastlane/lib/fastlane/lane.rb:33:in `call'&#10;/usr/local/Cellar/fastlane/2.175.0/libexec/gems/fastlane-2.175.0/fastlane/lib/fastlane/runner.rb:49:in `block in execute'&#10;/usr/local/Cellar/fastlane/2.175.0/libexec/gems/fastlane-2.175.0/fastlane/lib/fastlane/runner.rb:45:in `chdir'&#10;/usr/local/Cellar/fastlane/2.175.0/libexec/gems/fastlane-2.175.0/fastlane/lib/fastlane/runner.rb:45:in `execute'&#10;/usr/local/Cellar/fastlane/2.175.0/libexec/gems/fastlane-2.175.0/fastlane/lib/fastlane/lane_manager.rb:47:in `cruise_lane'&#10;/usr/local/Cellar/fastlane/2.175.0/libexec/gems/fastlane-2.175.0/fastlane/lib/fastlane/command_line_handler.rb:36:in `handle'&#10;/usr/local/Cellar/fastlane/2.175.0/libexec/gems/fastlane-2.175.0/fastlane/lib/fastlane/commands_generator.rb:108:in `block (2 levels) in run'&#10;/usr/local/Cellar/fastlane/2.175.0/libexec/gems/commander-fastlane-4.4.6/lib/commander/command.rb:178:in `call'&#10;/usr/local/Cellar/fastlane/2.175.0/libexec/gems/commander-fastlane-4.4.6/lib/commander/command.rb:153:in `run'&#10;/usr/local/Cellar/fastlane/2.175.0/libexec/gems/commander-fastlane-4.4.6/lib/commander/runner.rb:476:in `run_active_command'&#10;/usr/local/Cellar/fastlane/2.175.0/libexec/gems/fastlane-2.175.0/fastlane_core/lib/fastlane_core/ui/fastlane_runner.rb:76:in `run!'&#10;/usr/local/Cellar/fastlane/2.175.0/libexec/gems/commander-fastlane-4.4.6/lib/commander/delegates.rb:15:in `run!'&#10;/usr/local/Cellar/fastlane/2.175.0/libexec/gems/fastlane-2.175.0/fastlane/lib/fastlane/commands_generator.rb:352:in `run'&#10;/usr/local/Cellar/fastlane/2.175.0/libexec/gems/fastlane-2.175.0/fastlane/lib/fastlane/commands_generator.rb:41:in `start'&#10;/usr/local/Cellar/fastlane/2.175.0/libexec/gems/fastlane-2.175.0/fastlane/lib/fastlane/cli_tools_distributor.rb:122:in `take_off'&#10;/usr/local/Cellar/fastlane/2.175.0/libexec/gems/fastlane-2.175.0/bin/fastlane:23:in `&lt;top (required)&gt;'&#10;/usr/local/Cellar/fastlane/2.175.0/libexec/bin/fastlane:23:in `load'&#10;/usr/local/Cellar/fastlane/2.175.0/libexec/bin/fastlane:23:in `&lt;main&gt;'&#10;&#10;Exit status of command 'flutter build appbundle --flavor production -t lib/env/production.dart' was 1 instead of 0.&#10;Changing current working directory to: /Users/jang-wonpyo/workplace/study/stard/TodayYoutuber&#10;Running &quot;flutter pub get&quot; in TodayYoutuber...                       0.7s&#10;Running Gradle task 'bundleProductionRelease'...                &#10;Error: Could not resolve the package 'TodayYoutuber' in 'package:TodayYoutuber/env/environment.dart'.&#10;&#10;lib/env/production.dart:1:8: Error: Not found: 'package:TodayYoutuber/env/environment.dart'&#10;&#10;import 'package:TodayYoutuber/env/environment.dart';&#10;&#10;       ^&#10;&#10;lib/env/production.dart:3:35: Error: Getter not found: 'BuildType'.&#10;&#10;main() =&gt; Environment.newInstance(BuildType.production).run();&#10;&#10;                                  ^^^^^^^^^&#10;&#10;lib/env/production.dart:3:11: Error: Getter not found: 'Environment'.&#10;&#10;main() =&gt; Environment.newInstance(BuildType.production).run();&#10;&#10;          ^^^^^^^^^^^&#10;&#10;Unhandled exception:&#10;&#10;FileSystemException(uri=org-dartlang-untranslatable-uri:package%3ATodayYoutuber%2Fenv%2Fenvironment.dart; message=StandardFileSystem only supports file:* and data:* URIs)&#10;&#10;#0      StandardFileSystem.entityForUri (package:front_end/src/api_prototype/standard_file_system.dart:33:7)&#10;&#10;#1      asFileUri (package:vm/kernel_front_end.dart:657:37)&#10;&#10;#2      writeDepfile (package:vm/kernel_front_end.dart:825:21)&#10;&#10;&lt;asynchronous suspension&gt;&#10;&#10;#3      FrontendCompiler.compile (package:frontend_server/frontend_server.dart:572:15)&#10;&#10;&lt;asynchronous suspension&gt;&#10;&#10;#4      _FlutterFrontendCompiler.compile (package:flutter_frontend_server/server.dart:43:22)&#10;&#10;#5      starter (package:flutter_frontend_server/server.dart:182:27)&#10;&#10;#6      main (file:///opt/s/w/ir/cache/builder/src/flutter/flutter_frontend_server/bin/starter.dart:9:30)&#10;&#10;#7      _startIsolate.&lt;anonymous closure&gt; (dart:isolate-patch/isolate_patch.dart:299:32)&#10;&#10;#8      _RawReceivePortImpl._handleMessage (dart:isolate-patch/isolate_patch.dart:168:12)&#10;&#10;&#10;&#10;&#10;&#10;&#10;&#10;FAILURE: Build failed with an exception.&#10;&#10;&#10;&#10;* Where:&#10;&#10;Script '/Users/jang-wonpyo/development/flutter/packages/flutter_tools/gradle/flutter.gradle' line: 904&#10;&#10;&#10;&#10;* What went wrong:&#10;&#10;Execution failed for task ':app:compileFlutterBuildProductionRelease'.&#10;&#10;&gt; Process 'command '/Users/jang-wonpyo/development/flutter/bin/flutter'' finished with non-zero exit value 1&#10;&#10;&#10;&#10;* Try:&#10;&#10;Run with --stacktrace option to get the stack trace. Run with --info or --debug option to get more log output. Run with --scan to get full insights.&#10;&#10;&#10;&#10;* Get more help at https://help.gradle.org&#10;&#10;&#10;&#10;BUILD FAILED in 3s&#10;Running Gradle task 'bundleProductionRelease'...                    4.0s&#10;Gradle task bundleProductionRelease failed with exit code 1&#10;" />
        
      </testcase>
    
  </testsuite>
</testsuites>
